<?xml version="1.0" encoding="utf-8"?><testsuites name="pytest tests"><testsuite name="pytest" errors="0" failures="0" skipped="0" tests="3" time="2.143" timestamp="2026-03-20T20:56:58.779531+00:00" hostname="agent-env-cd64d0da-29da-44ba-abe8-d7166f651b68"><testcase classname="backend.tests.test_core_endpoints.TestCoreAPI" name="test_app_info" time="0.643" /><testcase classname="backend.tests.test_core_endpoints.TestCoreAPI" name="test_health" time="0.560" /><testcase classname="backend.tests.test_core_endpoints.TestCoreAPI" name="test_create_status_and_verify_in_list" time="0.912" /></testsuite></testsuites>